2024-03-11 11:12:03,894 - INFO - -------------------------------New Session ----------------------------------
2024-03-11 11:12:03,894 - INFO - Application started at 2024-03-11 11:12:03.894762
2024-03-11 11:12:04,255 - INFO - Application exited at 2024-03-11 11:12:04.255002
2024-03-11 11:12:04,255 - INFO - Application execution time: 0:00:00.360240
2024-03-11 11:12:08,653 - INFO - -------------------------------New Session ----------------------------------
2024-03-11 11:12:08,653 - INFO - Application started at 2024-03-11 11:12:08.653522
2024-03-11 11:12:08,653 - INFO - Application exited at 2024-03-11 11:12:08.653522
2024-03-11 11:12:08,653 - INFO - Application execution time: 0:00:00
2024-03-11 11:12:08,703 - INFO - -------------------------------New Session ----------------------------------
2024-03-11 11:12:08,703 - INFO - Application started at 2024-03-11 11:12:08.703048
2024-03-11 11:12:08,703 - INFO - Display button clicked for state code: GA
2024-03-11 11:12:08,747 - INFO - Executing SQL query for state code: GA
2024-03-11 11:20:27,502 - INFO - -------------------------------New Session ----------------------------------
2024-03-11 11:20:27,502 - INFO - Application started at 2024-03-11 11:20:27.502506
2024-03-11 11:20:27,502 - INFO - Application exited at 2024-03-11 11:20:27.502506
2024-03-11 11:20:27,502 - INFO - Application execution time: 0:00:00
2024-03-11 11:20:35,118 - INFO - -------------------------------New Session ----------------------------------
2024-03-11 11:20:35,118 - INFO - Application started at 2024-03-11 11:20:35.118586
2024-03-11 11:20:35,118 - INFO - Application exited at 2024-03-11 11:20:35.118586
2024-03-11 11:20:35,118 - INFO - Application execution time: 0:00:00
2024-03-11 11:20:35,181 - INFO - -------------------------------New Session ----------------------------------
2024-03-11 11:20:35,181 - INFO - Application started at 2024-03-11 11:20:35.181555
2024-03-11 11:20:35,181 - INFO - Display button clicked for state code: GA
2024-03-11 11:20:35,228 - INFO - Executing SQL query for state code: GA
2024-03-11 11:23:30,928 - INFO - Executing total_bans query for state code: GA
2024-03-11 11:24:21,227 - INFO - Total bans data fetched for state code: GA
2024-03-11 11:24:21,665 - INFO - Total bans displayed for state code: GA
2024-03-11 11:24:21,665 - INFO - Data displayed for state code: GA
2024-03-11 11:24:21,665 - INFO - Application exited at 2024-03-11 11:24:21.665165
2024-03-11 11:24:21,665 - INFO - Application execution time: 0:03:46.483610
2024-03-11 11:24:59,579 - INFO - -------------------------------New Session ----------------------------------
2024-03-11 11:24:59,579 - INFO - Application started at 2024-03-11 11:24:59.579377
2024-03-11 11:24:59,579 - INFO - Application exited at 2024-03-11 11:24:59.579377
2024-03-11 11:24:59,579 - INFO - Application execution time: 0:00:00
2024-03-11 11:24:59,626 - INFO - -------------------------------New Session ----------------------------------
2024-03-11 11:24:59,626 - INFO - Application started at 2024-03-11 11:24:59.626364
2024-03-11 11:24:59,626 - INFO - Display button clicked for state code: GA
2024-03-11 11:24:59,626 - INFO - Executing SQL query for state code: GA
2024-03-11 11:25:15,931 - INFO - Executing total_bans query for state code: GA
2024-03-11 11:26:04,272 - INFO - Total bans data fetched for state code: GA
2024-03-11 11:26:04,272 - INFO - Total bans displayed for state code: GA
2024-03-11 11:26:04,272 - INFO - Data displayed for state code: GA
2024-03-11 11:26:04,272 - INFO - Display button clicked for state code: AL
2024-03-11 11:26:04,272 - INFO - Executing SQL query for state code: AL
2024-03-11 11:26:16,295 - INFO - Executing total_bans query for state code: AL
2024-03-11 11:27:11,233 - INFO - Total bans data fetched for state code: AL
2024-03-11 11:27:11,239 - INFO - Total bans displayed for state code: AL
2024-03-11 11:27:11,239 - INFO - Data displayed for state code: AL
2024-03-11 11:27:11,243 - INFO - Display button clicked for state code: MI
2024-03-11 11:27:11,245 - INFO - Executing SQL query for state code: MI
2024-03-11 11:27:24,455 - INFO - Executing total_bans query for state code: MI
2024-03-11 11:28:15,471 - INFO - Total bans data fetched for state code: MI
2024-03-11 11:28:15,476 - INFO - Total bans displayed for state code: MI
2024-03-11 11:28:15,476 - INFO - Data displayed for state code: MI
2024-03-11 11:28:15,476 - INFO - Application exited at 2024-03-11 11:28:15.476091
2024-03-11 11:28:15,476 - INFO - Application execution time: 0:03:15.849727
2024-03-11 11:32:06,548 - INFO - -------------------------------New Session ----------------------------------
2024-03-11 11:32:06,548 - INFO - Application started at 2024-03-11 11:32:06.548201
2024-03-11 11:32:06,548 - INFO - Application exited at 2024-03-11 11:32:06.548201
2024-03-11 11:32:06,548 - INFO - Application execution time: 0:00:00
2024-03-11 11:32:12,911 - INFO - -------------------------------New Session ----------------------------------
2024-03-11 11:32:12,911 - INFO - Application started at 2024-03-11 11:32:12.911386
2024-03-11 11:32:12,911 - INFO - Application exited at 2024-03-11 11:32:12.911386
2024-03-11 11:32:12,911 - INFO - Application execution time: 0:00:00
2024-03-11 11:32:12,974 - INFO - -------------------------------New Session ----------------------------------
2024-03-11 11:32:12,974 - INFO - Application started at 2024-03-11 11:32:12.974455
2024-03-11 11:32:12,990 - INFO - Display button clicked for state code: CA
2024-03-11 11:32:12,990 - INFO - Executing SQL query for state code: CA
2024-03-11 11:32:26,400 - INFO - Executing total_bans query for state code: CA
2024-03-11 11:33:39,797 - INFO - Total bans data fetched for state code: CA
2024-03-11 11:33:39,797 - INFO - Total bans displayed for state code: CA
2024-03-11 11:33:39,797 - INFO - Data displayed for state code: CA
2024-03-11 11:33:39,797 - INFO - Application exited at 2024-03-11 11:33:39.797052
2024-03-11 11:33:39,797 - INFO - Application execution time: 0:01:26.822597
2024-03-11 11:35:02,973 - INFO - -------------------------------New Session ----------------------------------
2024-03-11 11:35:02,973 - INFO - Application started at 2024-03-11 11:35:02.973527
2024-03-11 11:35:02,973 - INFO - Application exited at 2024-03-11 11:35:02.973527
2024-03-11 11:35:02,989 - INFO - Application execution time: 0:00:00
2024-03-11 11:35:10,159 - INFO - -------------------------------New Session ----------------------------------
2024-03-11 11:35:10,159 - INFO - Application started at 2024-03-11 11:35:10.159819
2024-03-11 11:35:10,175 - INFO - Application exited at 2024-03-11 11:35:10.175855
2024-03-11 11:35:10,175 - INFO - Application execution time: 0:00:00.016036
2024-03-11 11:35:10,273 - INFO - -------------------------------New Session ----------------------------------
2024-03-11 11:35:10,273 - INFO - Application started at 2024-03-11 11:35:10.273979
2024-03-11 11:35:10,273 - INFO - Display button clicked for state code: CA
2024-03-11 11:35:10,285 - INFO - Executing SQL query for state code: CA
2024-03-11 11:35:24,009 - INFO - Executing total_bans query for state code: CA
2024-03-11 11:36:11,928 - INFO - Total bans data fetched for state code: CA
2024-03-11 11:36:11,928 - INFO - Total bans displayed for state code: CA
2024-03-11 11:36:11,928 - INFO - Data displayed for state code: CA
2024-03-11 11:36:11,928 - INFO - Application exited at 2024-03-11 11:36:11.928036
2024-03-11 11:36:11,928 - INFO - Application execution time: 0:01:01.654057
2024-03-11 11:37:40,288 - INFO - -------------------------------New Session ----------------------------------
2024-03-11 11:37:40,288 - INFO - Application started at 2024-03-11 11:37:40.288455
2024-03-11 11:37:40,288 - INFO - Download button clicked for state code: CA
2024-03-11 11:37:40,288 - INFO - Executing total_bans query for state code: CA
2024-03-11 11:38:26,881 - INFO - Total bans data fetched for state code: CA
2024-03-11 11:38:26,881 - INFO - Downloading data for state code: CA
2024-03-11 11:46:13,906 - INFO - Data downloaded for state code: CA
2024-03-11 11:46:13,906 - INFO - Application exited at 2024-03-11 11:46:13.906688
2024-03-11 11:46:13,906 - INFO - Application execution time: 0:08:33.618233
2024-03-11 11:57:23,198 - INFO - -------------------------------New Session ----------------------------------
2024-03-11 11:57:23,198 - INFO - Application started at 2024-03-11 11:57:23.198337
2024-03-11 11:57:23,198 - INFO - Application exited at 2024-03-11 11:57:23.198337
2024-03-11 11:57:23,213 - INFO - Application execution time: 0:00:00
2024-03-11 11:57:27,198 - INFO - -------------------------------New Session ----------------------------------
2024-03-11 11:57:27,198 - INFO - Application started at 2024-03-11 11:57:27.198671
2024-03-11 11:57:27,198 - INFO - Application exited at 2024-03-11 11:57:27.198671
2024-03-11 11:57:27,198 - INFO - Application execution time: 0:00:00
2024-03-11 11:57:27,245 - INFO - -------------------------------New Session ----------------------------------
2024-03-11 11:57:27,245 - INFO - Application started at 2024-03-11 11:57:27.245670
2024-03-11 11:57:27,245 - INFO - Display button clicked for state code: GA
2024-03-11 11:57:27,266 - INFO - Executing SQL query for state code: GA
2024-03-11 11:57:38,342 - INFO - -------------------------------New Session ----------------------------------
2024-03-11 11:57:38,358 - INFO - Application started at 2024-03-11 11:57:38.342624
2024-03-11 11:57:38,358 - INFO - Display button clicked for state code: GA
2024-03-11 11:57:38,358 - INFO - Executing SQL query for state code: GA
2024-03-11 11:57:40,498 - INFO - Executing total_bans query for state code: GA
2024-03-11 11:57:49,520 - INFO - Executing total_bans query for state code: GA
2024-03-11 11:58:06,890 - INFO - -------------------------------New Session ----------------------------------
2024-03-11 11:58:06,890 - INFO - Application started at 2024-03-11 11:58:06.890380
2024-03-11 11:58:06,890 - INFO - Application exited at 2024-03-11 11:58:06.890380
2024-03-11 11:58:06,890 - INFO - Application execution time: 0:00:00
2024-03-11 11:58:28,255 - INFO - Total bans data fetched for state code: GA
2024-03-11 11:58:28,270 - INFO - Total bans displayed for state code: GA
2024-03-11 11:58:28,270 - INFO - Data displayed for state code: GA
2024-03-11 11:58:28,270 - INFO - Application exited at 2024-03-11 11:58:28.270899
2024-03-11 11:58:28,270 - INFO - Application execution time: 0:01:01.025229
2024-03-11 11:58:37,144 - INFO - Total bans data fetched for state code: GA
2024-03-11 11:58:37,144 - INFO - Total bans displayed for state code: GA
2024-03-11 11:58:37,144 - INFO - Data displayed for state code: GA
2024-03-11 11:58:37,144 - INFO - Application exited at 2024-03-11 11:58:37.144771
2024-03-11 11:58:37,144 - INFO - Application execution time: 0:00:58.802147
2024-03-11 12:00:01,774 - INFO - -------------------------------New Session ----------------------------------
2024-03-11 12:00:01,774 - INFO - Application started at 2024-03-11 12:00:01.774853
2024-03-11 12:00:01,774 - INFO - Application exited at 2024-03-11 12:00:01.774853
2024-03-11 12:00:01,774 - INFO - Application execution time: 0:00:00
2024-03-11 12:00:01,821 - INFO - -------------------------------New Session ----------------------------------
2024-03-11 12:00:01,821 - INFO - Application started at 2024-03-11 12:00:01.821857
2024-03-11 12:00:01,837 - INFO - Display button clicked for state code: GA
2024-03-11 12:00:01,837 - INFO - Executing SQL query for state code: GA
2024-03-11 12:00:15,181 - INFO - Executing total_bans query for state code: GA
2024-03-11 12:01:02,771 - INFO - Total bans data fetched for state code: GA
2024-03-11 12:01:02,771 - INFO - Total bans displayed for state code: GA
2024-03-11 12:01:02,771 - INFO - Data displayed for state code: GA
2024-03-11 12:01:02,771 - INFO - Application exited at 2024-03-11 12:01:02.771996
2024-03-11 12:01:02,771 - INFO - Application execution time: 0:01:00.950139
2024-03-11 12:05:21,527 - INFO - -------------------------------New Session ----------------------------------
2024-03-11 12:05:21,527 - INFO - Application started at 2024-03-11 12:05:21.527150
2024-03-11 12:05:21,527 - INFO - Download button clicked for state code: GA
2024-03-11 12:05:21,527 - INFO - Downloading data for state code: GA
2024-03-11 12:10:08,113 - INFO - Data downloaded for state code: GA
2024-03-11 12:10:08,113 - INFO - Application exited at 2024-03-11 12:10:08.113579
2024-03-11 12:10:08,113 - INFO - Application execution time: 0:04:46.586429
2024-03-11 12:52:19,503 - INFO - -------------------------------New Session ----------------------------------
2024-03-11 12:52:19,503 - INFO - Application started at 2024-03-11 12:52:19.503296
2024-03-11 12:52:19,518 - INFO - Application exited at 2024-03-11 12:52:19.518922
2024-03-11 12:52:19,518 - INFO - Application execution time: 0:00:00.015626
2024-03-11 12:52:22,337 - INFO - -------------------------------New Session ----------------------------------
2024-03-11 12:52:22,337 - INFO - Application started at 2024-03-11 12:52:22.337735
2024-03-11 12:52:22,342 - INFO - Application exited at 2024-03-11 12:52:22.342977
2024-03-11 12:52:22,342 - INFO - Application execution time: 0:00:00.005242
2024-03-11 12:52:23,734 - INFO - -------------------------------New Session ----------------------------------
2024-03-11 12:52:23,734 - INFO - Application started at 2024-03-11 12:52:23.734401
2024-03-11 12:52:23,750 - INFO - Application exited at 2024-03-11 12:52:23.750082
2024-03-11 12:52:23,750 - INFO - Application execution time: 0:00:00.015681
2024-03-11 13:29:00,748 - INFO - -------------------------------New Session ----------------------------------
2024-03-11 13:29:00,750 - INFO - Application started at 2024-03-11 13:29:00.748820
2024-03-11 13:29:00,750 - INFO - Application exited at 2024-03-11 13:29:00.750088
2024-03-11 13:29:00,750 - INFO - Application execution time: 0:00:00.001268
2024-03-11 18:29:38,012 - INFO - -------------------------------New Session ----------------------------------
2024-03-11 18:29:38,013 - INFO - Application started at 2024-03-11 18:29:38.012725
2024-03-11 18:29:38,328 - INFO - Application exited at 2024-03-11 18:29:38.328952
2024-03-11 18:29:38,329 - INFO - Application execution time: 0:00:00.316227
2024-03-11 18:29:58,076 - INFO - -------------------------------New Session ----------------------------------
2024-03-11 18:29:58,076 - INFO - Application started at 2024-03-11 18:29:58.076948
2024-03-11 18:29:58,410 - INFO - Application exited at 2024-03-11 18:29:58.410809
2024-03-11 18:29:58,410 - INFO - Application execution time: 0:00:00.333861
2024-03-11 18:30:06,592 - INFO - -------------------------------New Session ----------------------------------
2024-03-11 18:30:06,593 - INFO - Application started at 2024-03-11 18:30:06.592663
2024-03-11 18:30:06,594 - INFO - Application exited at 2024-03-11 18:30:06.594089
2024-03-11 18:30:06,594 - INFO - Application execution time: 0:00:00.001426
2024-03-11 18:30:06,660 - INFO - -------------------------------New Session ----------------------------------
2024-03-11 18:30:06,660 - INFO - Application started at 2024-03-11 18:30:06.660916
2024-03-11 18:30:06,660 - INFO - Display button clicked for state code: GA
2024-03-11 18:30:06,713 - INFO - Executing SQL query for state code: GA
2024-03-11 18:30:21,235 - INFO - Executing total_bans query for state code: GA
2024-03-11 18:31:51,023 - INFO - Total bans data fetched for state code: GA
2024-03-11 18:31:51,431 - INFO - Total bans displayed for state code: GA
2024-03-11 18:31:51,431 - INFO - Data displayed for state code: GA
2024-03-11 18:31:51,438 - INFO - Display button clicked for state code: MI
2024-03-11 18:31:51,438 - INFO - Executing SQL query for state code: MI
2024-03-11 18:32:03,729 - INFO - Executing total_bans query for state code: MI
2024-03-11 18:32:57,062 - INFO - Total bans data fetched for state code: MI
2024-03-11 18:32:57,062 - INFO - Total bans displayed for state code: MI
2024-03-11 18:32:57,062 - INFO - Data displayed for state code: MI
2024-03-11 18:32:57,062 - INFO - Display button clicked for state code: AL
2024-03-11 18:32:57,062 - INFO - Executing SQL query for state code: AL
2024-03-11 18:33:08,150 - INFO - Executing total_bans query for state code: AL
2024-03-11 18:34:03,154 - INFO - Total bans data fetched for state code: AL
2024-03-11 18:34:03,154 - INFO - Total bans displayed for state code: AL
2024-03-11 18:34:03,154 - INFO - Data displayed for state code: AL
2024-03-11 18:34:03,154 - INFO - Application exited at 2024-03-11 18:34:03.154283
2024-03-11 18:34:03,154 - INFO - Application execution time: 0:03:56.493367
2024-03-11 18:42:58,174 - INFO - -------------------------------New Session ----------------------------------
2024-03-11 18:42:58,174 - INFO - Application started at 2024-03-11 18:42:58.174876
2024-03-11 18:42:58,174 - INFO - Application exited at 2024-03-11 18:42:58.174876
2024-03-11 18:42:58,174 - INFO - Application execution time: 0:00:00
2024-03-11 18:42:59,965 - INFO - -------------------------------New Session ----------------------------------
2024-03-11 18:42:59,965 - INFO - Application started at 2024-03-11 18:42:59.965735
2024-03-11 18:42:59,982 - INFO - Download button clicked for state code: GA
2024-03-11 18:42:59,982 - INFO - Downloading data for state code: GA
2024-03-11 18:58:24,708 - INFO - -------------------------------New Session ----------------------------------
2024-03-11 18:58:24,708 - INFO - Application started at 2024-03-11 18:58:24.708334
2024-03-11 18:58:25,025 - INFO - Application exited at 2024-03-11 18:58:25.025915
2024-03-11 18:58:25,025 - INFO - Application execution time: 0:00:00.317581
2024-03-11 18:58:27,569 - INFO - -------------------------------New Session ----------------------------------
2024-03-11 18:58:27,569 - INFO - Application started at 2024-03-11 18:58:27.569993
2024-03-11 18:58:27,576 - INFO - Application exited at 2024-03-11 18:58:27.575565
2024-03-11 18:58:27,577 - INFO - Application execution time: 0:00:00.005572
2024-03-11 18:58:27,643 - INFO - -------------------------------New Session ----------------------------------
2024-03-11 18:58:27,643 - INFO - Application started at 2024-03-11 18:58:27.643127
2024-03-11 18:58:27,643 - INFO - Download button clicked for state code: CA
2024-03-11 18:58:27,643 - INFO - Downloading data for state code: CA
2024-03-11 18:58:42,328 - INFO - -------------------------------New Session ----------------------------------
2024-03-11 18:58:42,329 - INFO - Application started at 2024-03-11 18:58:42.328809
2024-03-11 18:58:42,332 - INFO - Application exited at 2024-03-11 18:58:42.332814
2024-03-11 18:58:42,333 - INFO - Application execution time: 0:00:00.004005
2024-03-11 18:58:45,461 - INFO - -------------------------------New Session ----------------------------------
2024-03-11 18:58:45,461 - INFO - Application started at 2024-03-11 18:58:45.461165
2024-03-11 18:58:45,461 - INFO - Application exited at 2024-03-11 18:58:45.461781
2024-03-11 18:58:45,461 - INFO - Application execution time: 0:00:00.000616
2024-03-11 18:58:45,509 - INFO - -------------------------------New Session ----------------------------------
2024-03-11 18:58:45,509 - INFO - Application started at 2024-03-11 18:58:45.509825
2024-03-11 18:58:45,509 - INFO - Download button clicked for state code: CA
2024-03-11 18:58:45,540 - INFO - Downloading data for state code: CA
2024-03-11 18:59:12,312 - INFO - Data downloaded for state code: CA
2024-03-11 18:59:12,328 - INFO - Application exited at 2024-03-11 18:59:12.328004
2024-03-11 18:59:12,328 - INFO - Application execution time: 0:00:26.818179
2024-03-11 18:59:49,505 - INFO - -------------------------------New Session ----------------------------------
2024-03-11 18:59:49,505 - INFO - -------------------------------New Session ----------------------------------
2024-03-11 18:59:49,505 - INFO - -------------------------------New Session ----------------------------------
2024-03-11 18:59:49,505 - INFO - Application started at 2024-03-11 18:59:49.505983
2024-03-11 18:59:49,505 - INFO - Application started at 2024-03-11 18:59:49.505983
2024-03-11 18:59:49,505 - INFO - Application started at 2024-03-11 18:59:49.505983
2024-03-11 18:59:49,515 - INFO - Application exited at 2024-03-11 18:59:49.515766
2024-03-11 18:59:49,516 - INFO - Application execution time: 0:00:00.009783
2024-03-11 18:59:49,544 - INFO - Application exited at 2024-03-11 18:59:49.544984
2024-03-11 18:59:49,544 - INFO - Application execution time: 0:00:00.039001
2024-03-11 18:59:49,999 - INFO - Application exited at 2024-03-11 18:59:49.999156
2024-03-11 18:59:49,999 - INFO - Application execution time: 0:00:00.493173
2024-03-11 19:00:34,176 - INFO - -------------------------------New Session ----------------------------------
2024-03-11 19:00:34,177 - INFO - Application started at 2024-03-11 19:00:34.176177
2024-03-11 19:00:34,178 - INFO - Download button clicked for state code: CA
2024-03-11 19:00:34,214 - INFO - Downloading data for state code: CA
2024-03-11 19:01:00,832 - INFO - Data downloaded for state code: CA
2024-03-11 19:01:00,832 - INFO - Application exited at 2024-03-11 19:01:00.832988
2024-03-11 19:01:00,833 - INFO - Application execution time: 0:00:26.656811
2024-03-11 19:06:33,551 - INFO - -------------------------------New Session ----------------------------------
2024-03-11 19:06:33,553 - INFO - Application started at 2024-03-11 19:06:33.551048
2024-03-11 19:06:33,557 - INFO - Application exited at 2024-03-11 19:06:33.557559
2024-03-11 19:06:33,557 - INFO - Application execution time: 0:00:00.006511
2024-03-11 19:06:34,076 - INFO - -------------------------------New Session ----------------------------------
2024-03-11 19:06:34,076 - INFO - Application started at 2024-03-11 19:06:34.076449
2024-03-11 19:06:34,078 - INFO - Display button clicked for state code: GA
2024-03-11 19:06:34,084 - INFO - Executing SQL query for state code: GA
2024-03-11 19:06:47,293 - INFO - Executing total_bans query for state code: GA
2024-03-11 19:07:37,319 - INFO - Total bans data fetched for state code: GA
2024-03-11 19:07:37,324 - INFO - Total bans displayed for state code: GA
2024-03-11 19:07:37,325 - INFO - Data displayed for state code: GA
2024-03-11 19:07:37,325 - INFO - Display button clicked for state code: AL
2024-03-11 19:07:37,327 - INFO - Executing SQL query for state code: AL
2024-03-11 19:07:49,642 - INFO - Executing total_bans query for state code: AL
2024-03-11 19:07:56,729 - INFO - -------------------------------New Session ----------------------------------
2024-03-11 19:07:56,729 - INFO - Application started at 2024-03-11 19:07:56.729202
2024-03-11 19:07:56,731 - INFO - Application exited at 2024-03-11 19:07:56.731159
2024-03-11 19:07:56,732 - INFO - Application execution time: 0:00:00.001957
2024-03-11 19:07:56,808 - INFO - -------------------------------New Session ----------------------------------
2024-03-11 19:07:56,808 - INFO - Application started at 2024-03-11 19:07:56.808753
2024-03-11 19:07:56,810 - INFO - Display button clicked for state code: GA
2024-03-11 19:07:56,813 - INFO - Executing SQL query for state code: GA
2024-03-11 19:08:07,963 - INFO - Executing total_bans query for state code: GA
2024-03-11 19:08:41,201 - INFO - Total bans data fetched for state code: AL
2024-03-11 19:08:56,774 - INFO - Total bans data fetched for state code: GA
2024-03-11 19:08:56,778 - INFO - Total bans displayed for state code: GA
2024-03-11 19:08:56,778 - INFO - Data displayed for state code: GA
2024-03-11 19:08:56,779 - INFO - Display button clicked for state code: AL
2024-03-11 19:08:56,781 - INFO - Executing SQL query for state code: AL
2024-03-11 19:09:07,914 - INFO - Executing total_bans query for state code: AL
2024-03-11 19:10:00,351 - INFO - Total bans data fetched for state code: AL
2024-03-11 19:10:00,354 - INFO - Total bans displayed for state code: AL
2024-03-11 19:10:00,356 - INFO - Data displayed for state code: AL
2024-03-11 19:10:00,357 - INFO - Display button clicked for state code: MI
2024-03-11 19:10:00,360 - INFO - Executing SQL query for state code: MI
2024-03-11 19:10:11,658 - INFO - Executing total_bans query for state code: MI
2024-03-11 19:11:02,613 - INFO - Total bans data fetched for state code: MI
2024-03-11 19:11:02,616 - INFO - Total bans displayed for state code: MI
2024-03-11 19:11:02,616 - INFO - Data displayed for state code: MI
2024-03-11 19:11:02,617 - INFO - Application exited at 2024-03-11 19:11:02.617538
2024-03-11 19:11:02,617 - INFO - Application execution time: 0:03:05.808785
2024-03-11 19:18:09,948 - INFO - -------------------------------New Session ----------------------------------
2024-03-11 19:18:09,949 - INFO - Application started at 2024-03-11 19:18:09.948589
2024-03-11 19:18:09,957 - INFO - Application exited at 2024-03-11 19:18:09.957137
2024-03-11 19:18:09,958 - INFO - Application execution time: 0:00:00.008548
2024-03-11 19:18:10,004 - INFO - -------------------------------New Session ----------------------------------
2024-03-11 19:18:10,004 - INFO - Application started at 2024-03-11 19:18:10.004838
2024-03-11 19:18:10,006 - INFO - Download button clicked for state code: GA
2024-03-11 19:18:10,007 - INFO - Downloading data for state code: GA
